0 info it worked if it ends with ok
1 verbose cli [ 'C:\\Program Files\\nodejs\\node.exe',
1 verbose cli   'C:\\Program Files\\nodejs\\node_modules\\npm\\bin\\npm-cli.js',
1 verbose cli   'run',
1 verbose cli   'build' ]
2 info using npm@3.10.8
3 info using node@v7.0.0
4 verbose run-script [ 'prebuild', 'build', 'postbuild' ]
5 info lifecycle vue-virtual-scroller@0.0.1~prebuild: vue-virtual-scroller@0.0.1
6 silly lifecycle vue-virtual-scroller@0.0.1~prebuild: no script for prebuild, continuing
7 info lifecycle vue-virtual-scroller@0.0.1~build: vue-virtual-scroller@0.0.1
8 verbose lifecycle vue-virtual-scroller@0.0.1~build: unsafe-perm in lifecycle true
9 verbose lifecycle vue-virtual-scroller@0.0.1~build: PATH: C:\Program Files\nodejs\node_modules\npm\bin\node-gyp-bin;C:\Users\FT5472\Documents\GitHub\vue-virtual-scroller\node_modules\.bin;C:\ProgramData\Oracle\Java\javapath;C:\Program Files (x86)\Intel\iCLS Client\;C:\Program Files\Intel\iCLS Client\;C:\WINDOWS\system32;C:\WINDOWS;C:\WINDOWS\System32\Wbem;C:\WINDOWS\System32\WindowsPowerShell\v1.0\;C:\Program Files (x86)\Enterprise Vault\EVClient\;C:\Program Files (x86)\Intel\Intel(R) Management Engine Components\DAL;C:\Program Files\Intel\Intel(R) Management Engine Components\DAL;C:\Program Files (x86)\Intel\Intel(R) Management Engine Components\IPT;C:\Program Files\Intel\Intel(R) Management Engine Components\IPT;C:\Program Files\nodejs\;C:\WINDOWS\System32\WindowsPowerShell\v1.0\;C:\Program Files (x86)\Microsoft Team Foundation Server 2015 Power Tools\;%USERPROFILE%\.dnx\bin;C:\Program Files\Microsoft DNX\Dnvm\;C:\Program Files\Microsoft SQL Server\130\Tools\Binn\;C:\Users\FT5472\.dnx\bin;C:\Users\FT5472\AppData\Roaming\npm;C:\Users\FT5472\AppData\Loca\atom\bin;C:\Users\FT5472\AppData\Local\GitHub\PortableGit_63435a79518b44808827aa3194b76bea96231189\cmd;C:\Users\FT5472\AppData\Local\atom\bin;C:\Program Files (x86)\Microsoft VS Code\bin;C:\Program Files (x86)\Microsoft Visual Studio 14.0\Common7\IDE
10 verbose lifecycle vue-virtual-scroller@0.0.1~build: CWD: C:\Users\FT5472\Documents\GitHub\vue-virtual-scroller
11 silly lifecycle vue-virtual-scroller@0.0.1~build: Args: [ '/d /s /c',
11 silly lifecycle   'cross-env NODE_ENV=production webpack --progress --hide-modules' ]
12 silly lifecycle vue-virtual-scroller@0.0.1~build: Returned: code: 2  signal: null
13 info lifecycle vue-virtual-scroller@0.0.1~build: Failed to exec build script
14 verbose stack Error: vue-virtual-scroller@0.0.1 build: `cross-env NODE_ENV=production webpack --progress --hide-modules`
14 verbose stack Exit status 2
14 verbose stack     at EventEmitter.<anonymous> (C:\Program Files\nodejs\node_modules\npm\lib\utils\lifecycle.js:255:16)
14 verbose stack     at emitTwo (events.js:106:13)
14 verbose stack     at EventEmitter.emit (events.js:191:7)
14 verbose stack     at ChildProcess.<anonymous> (C:\Program Files\nodejs\node_modules\npm\lib\utils\spawn.js:40:14)
14 verbose stack     at emitTwo (events.js:106:13)
14 verbose stack     at ChildProcess.emit (events.js:191:7)
14 verbose stack     at maybeClose (internal/child_process.js:877:16)
14 verbose stack     at Process.ChildProcess._handle.onexit (internal/child_process.js:226:5)
15 verbose pkgid vue-virtual-scroller@0.0.1
16 verbose cwd C:\Users\FT5472\Documents\GitHub\vue-virtual-scroller
17 error Windows_NT 6.1.7601
18 error argv "C:\\Program Files\\nodejs\\node.exe" "C:\\Program Files\\nodejs\\node_modules\\npm\\bin\\npm-cli.js" "run" "build"
19 error node v7.0.0
20 error npm  v3.10.8
21 error code ELIFECYCLE
22 error vue-virtual-scroller@0.0.1 build: `cross-env NODE_ENV=production webpack --progress --hide-modules`
22 error Exit status 2
23 error Failed at the vue-virtual-scroller@0.0.1 build script 'cross-env NODE_ENV=production webpack --progress --hide-modules'.
23 error Make sure you have the latest version of node.js and npm installed.
23 error If you do, this is most likely a problem with the vue-virtual-scroller package,
23 error not with npm itself.
23 error Tell the author that this fails on your system:
23 error     cross-env NODE_ENV=production webpack --progress --hide-modules
23 error You can get information on how to open an issue for this project with:
23 error     npm bugs vue-virtual-scroller
23 error Or if that isn't available, you can get their info via:
23 error     npm owner ls vue-virtual-scroller
23 error There is likely additional logging output above.
24 verbose exit [ 1, true ]
